# JRE version: OpenJDK Runtime Environment (8.0_212-b04) (build 1.8.0_212-release-1586-b04)
# Java VM: OpenJDK 64-Bit Server VM (25.212-b04 mixed mode windows-amd64 compressed oops)
Heap:
 PSYoungGen      total 452096K, used 246673K [0x00000000e0000000, 0x00000000fdb80000, 0x0000000100000000)
  eden space 432640K, 52% used [0x00000000e0000000,0x00000000eddeab40,0x00000000fa680000)
  from space 19456K, 99% used [0x00000000fbf00000,0x00000000fd1f9a48,0x00000000fd200000)
  to   space 25088K, 0% used [0x00000000fa680000,0x00000000fa680000,0x00000000fbf00000)
 ParOldGen       total 98304K, used 59262K [0x00000000a0000000, 0x00000000a6000000, 0x00000000e0000000)
  object space 98304K, 60% used [0x00000000a0000000,0x00000000a39df9b8,0x00000000a6000000)
 Metaspace       used 81431K, capacity 84972K, committed 85248K, reserved 1122304K
  class space    used 10748K, capacity 11429K, committed 11520K, reserved 1048576K
GC Heap History (10 events):
Event: 88.711 GC heap before
{Heap before GC invocations=17 (full 3):
 PSYoungGen      total 296960K, used 287488K [0x00000000e0000000, 0x00000000f5580000, 0x0000000100000000)
  eden space 275968K, 100% used [0x00000000e0000000,0x00000000f0d80000,0x00000000f0d80000)
  from space 20992K, 54% used [0x00000000f0d80000,0x00000000f18c0118,0x00000000f2200000)
  to   space 20480K, 0% used [0x00000000f4180000,0x00000000f4180000,0x00000000f5580000)
 ParOldGen       total 98304K, used 52439K [0x00000000a0000000, 0x00000000a6000000, 0x00000000e0000000)
  object space 98304K, 53% used [0x00000000a0000000,0x00000000a3335fd8,0x00000000a6000000)
 Metaspace       used 72497K, capacity 75402K, committed 75648K, reserved 1114112K
  class space    used 9781K, capacity 10348K, committed 10368K, reserved 1048576K
Event: 88.822 GC heap after
Heap after GC invocations=17 (full 3):
 PSYoungGen      total 329728K, used 7076K [0x00000000e0000000, 0x00000000f7e00000, 0x0000000100000000)
  eden space 309248K, 0% used [0x00000000e0000000,0x00000000e0000000,0x00000000f2e00000)
  from space 20480K, 34% used [0x00000000f4180000,0x00000000f4869210,0x00000000f5580000)
  to   space 19968K, 0% used [0x00000000f2e00000,0x00000000f2e00000,0x00000000f4180000)
 ParOldGen       total 98304K, used 52439K [0x00000000a0000000, 0x00000000a6000000, 0x00000000e0000000)
  object space 98304K, 53% used [0x00000000a0000000,0x00000000a3335fd8,0x00000000a6000000)
 Metaspace       used 72497K, capacity 75402K, committed 75648K, reserved 1114112K
  class space    used 9781K, capacity 10348K, committed 10368K, reserved 1048576K
}
Event: 97.858 GC heap before
{Heap before GC invocations=18 (full 3):
 PSYoungGen      total 329728K, used 316324K [0x00000000e0000000, 0x00000000f7e00000, 0x0000000100000000)
  eden space 309248K, 100% used [0x00000000e0000000,0x00000000f2e00000,0x00000000f2e00000)
  from space 20480K, 34% used [0x00000000f4180000,0x00000000f4869210,0x00000000f5580000)
  to   space 19968K, 0% used [0x00000000f2e00000,0x00000000f2e00000,0x00000000f4180000)
 ParOldGen       total 98304K, used 52439K [0x00000000a0000000, 0x00000000a6000000, 0x00000000e0000000)
  object space 98304K, 53% used [0x00000000a0000000,0x00000000a3335fd8,0x00000000a6000000)
 Metaspace       used 72768K, capacity 75696K, committed 75904K, reserved 1114112K
  class space    used 9782K, capacity 10349K, committed 10368K, reserved 1048576K
Event: 97.943 GC heap after
Heap after GC invocations=18 (full 3):
 PSYoungGen      total 329216K, used 2231K [0x00000000e0000000, 0x00000000fa280000, 0x0000000100000000)
  eden space 309248K, 0% used [0x00000000e0000000,0x00000000e0000000,0x00000000f2e00000)
  from space 19968K, 11% used [0x00000000f2e00000,0x00000000f302dfa8,0x00000000f4180000)
  to   space 19968K, 0% used [0x00000000f8f00000,0x00000000f8f00000,0x00000000fa280000)
 ParOldGen       total 98304K, used 52439K [0x00000000a0000000, 0x00000000a6000000, 0x00000000e0000000)
  object space 98304K, 53% used [0x00000000a0000000,0x00000000a3335fd8,0x00000000a6000000)
 Metaspace       used 72768K, capacity 75696K, committed 75904K, reserved 1114112K
  class space    used 9782K, capacity 10349K, committed 10368K, reserved 1048576K
}
Event: 107.305 GC heap before
{Heap before GC invocations=19 (full 3):
 PSYoungGen      total 329216K, used 311479K [0x00000000e0000000, 0x00000000fa280000, 0x0000000100000000)
  eden space 309248K, 100% used [0x00000000e0000000,0x00000000f2e00000,0x00000000f2e00000)
  from space 19968K, 11% used [0x00000000f2e00000,0x00000000f302dfa8,0x00000000f4180000)
  to   space 19968K, 0% used [0x00000000f8f00000,0x00000000f8f00000,0x00000000fa280000)
 ParOldGen       total 98304K, used 52439K [0x00000000a0000000, 0x00000000a6000000, 0x00000000e0000000)
  object space 98304K, 53% used [0x00000000a0000000,0x00000000a3335fd8,0x00000000a6000000)
 Metaspace       used 72849K, capacity 75748K, committed 75904K, reserved 1114112K
  class space    used 9787K, capacity 10355K, committed 10368K, reserved 1048576K
Event: 107.317 GC heap after
Heap after GC invocations=19 (full 3):
 PSYoungGen      total 385024K, used 4931K [0x00000000e0000000, 0x00000000f9700000, 0x0000000100000000)
  eden space 376832K, 0% used [0x00000000e0000000,0x00000000e0000000,0x00000000f7000000)
  from space 8192K, 60% used [0x00000000f8f00000,0x00000000f93d0e48,0x00000000f9700000)
  to   space 19968K, 0% used [0x00000000f7000000,0x00000000f7000000,0x00000000f8380000)
 ParOldGen       total 98304K, used 52447K [0x00000000a0000000, 0x00000000a6000000, 0x00000000e0000000)
  object space 98304K, 53% used [0x00000000a0000000,0x00000000a3337fd8,0x00000000a6000000)
 Metaspace       used 72849K, capacity 75748K, committed 75904K, reserved 1114112K
  class space    used 9787K, capacity 10355K, committed 10368K, reserved 1048576K
}
Event: 114.225 GC heap before
{Heap before GC invocations=20 (full 3):
 PSYoungGen      total 385024K, used 381763K [0x00000000e0000000, 0x00000000f9700000, 0x0000000100000000)
  eden space 376832K, 100% used [0x00000000e0000000,0x00000000f7000000,0x00000000f7000000)
  from space 8192K, 60% used [0x00000000f8f00000,0x00000000f93d0e48,0x00000000f9700000)
  to   space 19968K, 0% used [0x00000000f7000000,0x00000000f7000000,0x00000000f8380000)
 ParOldGen       total 98304K, used 52447K [0x00000000a0000000, 0x00000000a6000000, 0x00000000e0000000)
  object space 98304K, 53% used [0x00000000a0000000,0x00000000a3337fd8,0x00000000a6000000)
 Metaspace       used 72908K, capacity 75826K, committed 75904K, reserved 1114112K
  class space    used 9789K, capacity 10356K, committed 10368K, reserved 1048576K
Event: 114.365 GC heap after
Heap after GC invocations=20 (full 3):
 PSYoungGen      total 396800K, used 10777K [0x00000000e0000000, 0x00000000fd200000, 0x0000000100000000)
  eden space 376832K, 0% used [0x00000000e0000000,0x00000000e0000000,0x00000000f7000000)
  from space 19968K, 53% used [0x00000000f7000000,0x00000000f7a86688,0x00000000f8380000)
  to   space 19456K, 0% used [0x00000000fbf00000,0x00000000fbf00000,0x00000000fd200000)
 ParOldGen       total 98304K, used 52447K [0x00000000a0000000, 0x00000000a6000000, 0x00000000e0000000)
  object space 98304K, 53% used [0x00000000a0000000,0x00000000a3337fd8,0x00000000a6000000)
 Metaspace       used 72908K, capacity 75826K, committed 75904K, reserved 1114112K
  class space    used 9789K, capacity 10356K, committed 10368K, reserved 1048576K
}
Event: 123.208 GC heap before
{Heap before GC invocations=21 (full 3):
 PSYoungGen      total 396800K, used 387609K [0x00000000e0000000, 0x00000000fd200000, 0x0000000100000000)
  eden space 376832K, 100% used [0x00000000e0000000,0x00000000f7000000,0x00000000f7000000)
  from space 19968K, 53% used [0x00000000f7000000,0x00000000f7a86688,0x00000000f8380000)
  to   space 19456K, 0% used [0x00000000fbf00000,0x00000000fbf00000,0x00000000fd200000)
 ParOldGen       total 98304K, used 52447K [0x00000000a0000000, 0x00000000a6000000, 0x00000000e0000000)
  object space 98304K, 53% used [0x00000000a0000000,0x00000000a3337fd8,0x00000000a6000000)
 Metaspace       used 73748K, capacity 76772K, committed 77056K, reserved 1116160K
  class space    used 9867K, capacity 10451K, committed 10496K, reserved 1048576K
Event: 123.306 GC heap after
Heap after GC invocations=21 (full 3):
 PSYoungGen      total 452096K, used 19430K [0x00000000e0000000, 0x00000000fdb80000, 0x0000000100000000)
  eden space 432640K, 0% used [0x00000000e0000000,0x00000000e0000000,0x00000000fa680000)
  from space 19456K, 99% used [0x00000000fbf00000,0x00000000fd1f9a48,0x00000000fd200000)
  to   space 25088K, 0% used [0x00000000fa680000,0x00000000fa680000,0x00000000fbf00000)
 ParOldGen       total 98304K, used 59262K [0x00000000a0000000, 0x00000000a6000000, 0x00000000e0000000)
  object space 98304K, 60% used [0x00000000a0000000,0x00000000a39df9b8,0x00000000a6000000)
 Metaspace       used 73748K, capacity 76772K, committed 77056K, reserved 1116160K
  class space    used 9867K, capacity 10451K, committed 10496K, reserved 1048576K
}

