# JRE version: OpenJDK Runtime Environment (8.0_212-b04) (build 1.8.0_212-release-1586-b04)
# Java VM: OpenJDK 64-Bit Server VM (25.212-b04 mixed mode windows-amd64 compressed oops)
Heap:
 PSYoungGen      total 318976K, used 242424K [0x00000000e0000000, 0x00000000f7800000, 0x0000000100000000)
  eden space 287744K, 81% used [0x00000000e0000000,0x00000000ee4e2f20,0x00000000f1900000)
  from space 31232K, 25% used [0x00000000f1900000,0x00000000f20db470,0x00000000f3780000)
  to   space 30720K, 0% used [0x00000000f5a00000,0x00000000f5a00000,0x00000000f7800000)
 ParOldGen       total 180224K, used 51297K [0x00000000a0000000, 0x00000000ab000000, 0x00000000e0000000)
  object space 180224K, 28% used [0x00000000a0000000,0x00000000a32186d0,0x00000000ab000000)
 Metaspace       used 101856K, capacity 105706K, committed 106112K, reserved 1140736K
  class space    used 13014K, capacity 13836K, committed 13952K, reserved 1048576K
GC Heap History (10 events):
Event: 7762.562 GC heap before
{Heap before GC invocations=19 (full 3):
 PSYoungGen      total 251392K, used 248987K [0x00000000e0000000, 0x00000000f3500000, 0x0000000100000000)
  eden space 228352K, 100% used [0x00000000e0000000,0x00000000edf00000,0x00000000edf00000)
  from space 23040K, 89% used [0x00000000edf00000,0x00000000ef326f20,0x00000000ef580000)
  to   space 25600K, 0% used [0x00000000f1c00000,0x00000000f1c00000,0x00000000f3500000)
 ParOldGen       total 133120K, used 55830K [0x00000000a0000000, 0x00000000a8200000, 0x00000000e0000000)
  object space 133120K, 41% used [0x00000000a0000000,0x00000000a3685b80,0x00000000a8200000)
 Metaspace       used 86897K, capacity 90156K, committed 90240K, reserved 1128448K
  class space    used 11134K, capacity 11858K, committed 11904K, reserved 1048576K
Event: 7762.618 GC heap after
Heap after GC invocations=19 (full 3):
 PSYoungGen      total 288768K, used 21541K [0x00000000e0000000, 0x00000000f3700000, 0x0000000100000000)
  eden space 263168K, 0% used [0x00000000e0000000,0x00000000e0000000,0x00000000f0100000)
  from space 25600K, 84% used [0x00000000f1c00000,0x00000000f31095d8,0x00000000f3500000)
  to   space 27648K, 0% used [0x00000000f0100000,0x00000000f0100000,0x00000000f1c00000)
 ParOldGen       total 133120K, used 55838K [0x00000000a0000000, 0x00000000a8200000, 0x00000000e0000000)
  object space 133120K, 41% used [0x00000000a0000000,0x00000000a3687b80,0x00000000a8200000)
 Metaspace       used 86897K, capacity 90156K, committed 90240K, reserved 1128448K
  class space    used 11134K, capacity 11858K, committed 11904K, reserved 1048576K
}
Event: 7768.113 GC heap before
{Heap before GC invocations=20 (full 3):
 PSYoungGen      total 288768K, used 284709K [0x00000000e0000000, 0x00000000f3700000, 0x0000000100000000)
  eden space 263168K, 100% used [0x00000000e0000000,0x00000000f0100000,0x00000000f0100000)
  from space 25600K, 84% used [0x00000000f1c00000,0x00000000f31095d8,0x00000000f3500000)
  to   space 27648K, 0% used [0x00000000f0100000,0x00000000f0100000,0x00000000f1c00000)
 ParOldGen       total 133120K, used 55838K [0x00000000a0000000, 0x00000000a8200000, 0x00000000e0000000)
  object space 133120K, 41% used [0x00000000a0000000,0x00000000a3687b80,0x00000000a8200000)
 Metaspace       used 92084K, capacity 95450K, committed 95744K, reserved 1132544K
  class space    used 11781K, capacity 12533K, committed 12544K, reserved 1048576K
Event: 7768.165 GC heap after
Heap after GC invocations=20 (full 3):
 PSYoungGen      total 290816K, used 21958K [0x00000000e0000000, 0x00000000f5480000, 0x0000000100000000)
  eden space 263168K, 0% used [0x00000000e0000000,0x00000000e0000000,0x00000000f0100000)
  from space 27648K, 79% used [0x00000000f0100000,0x00000000f1671a10,0x00000000f1c00000)
  to   space 29696K, 0% used [0x00000000f3780000,0x00000000f3780000,0x00000000f5480000)
 ParOldGen       total 133120K, used 55846K [0x00000000a0000000, 0x00000000a8200000, 0x00000000e0000000)
  object space 133120K, 41% used [0x00000000a0000000,0x00000000a3689b80,0x00000000a8200000)
 Metaspace       used 92084K, capacity 95450K, committed 95744K, reserved 1132544K
  class space    used 11781K, capacity 12533K, committed 12544K, reserved 1048576K
}
Event: 7771.453 GC heap before
{Heap before GC invocations=21 (full 3):
 PSYoungGen      total 290816K, used 103549K [0x00000000e0000000, 0x00000000f5480000, 0x0000000100000000)
  eden space 263168K, 31% used [0x00000000e0000000,0x00000000e4fada98,0x00000000f0100000)
  from space 27648K, 79% used [0x00000000f0100000,0x00000000f1671a10,0x00000000f1c00000)
  to   space 29696K, 0% used [0x00000000f3780000,0x00000000f3780000,0x00000000f5480000)
 ParOldGen       total 133120K, used 55846K [0x00000000a0000000, 0x00000000a8200000, 0x00000000e0000000)
  object space 133120K, 41% used [0x00000000a0000000,0x00000000a3689b80,0x00000000a8200000)
 Metaspace       used 94790K, capacity 98440K, committed 98560K, reserved 1134592K
  class space    used 12185K, capacity 12996K, committed 13056K, reserved 1048576K
Event: 7771.504 GC heap after
Heap after GC invocations=21 (full 3):
 PSYoungGen      total 317440K, used 21507K [0x00000000e0000000, 0x00000000f5900000, 0x0000000100000000)
  eden space 287744K, 0% used [0x00000000e0000000,0x00000000e0000000,0x00000000f1900000)
  from space 29696K, 72% used [0x00000000f3780000,0x00000000f4c80ce0,0x00000000f5480000)
  to   space 31232K, 0% used [0x00000000f1900000,0x00000000f1900000,0x00000000f3780000)
 ParOldGen       total 133120K, used 55854K [0x00000000a0000000, 0x00000000a8200000, 0x00000000e0000000)
  object space 133120K, 41% used [0x00000000a0000000,0x00000000a368bb80,0x00000000a8200000)
 Metaspace       used 94790K, capacity 98440K, committed 98560K, reserved 1134592K
  class space    used 12185K, capacity 12996K, committed 13056K, reserved 1048576K
}
Event: 7771.504 GC heap before
{Heap before GC invocations=22 (full 4):
 PSYoungGen      total 317440K, used 21507K [0x00000000e0000000, 0x00000000f5900000, 0x0000000100000000)
  eden space 287744K, 0% used [0x00000000e0000000,0x00000000e0000000,0x00000000f1900000)
  from space 29696K, 72% used [0x00000000f3780000,0x00000000f4c80ce0,0x00000000f5480000)
  to   space 31232K, 0% used [0x00000000f1900000,0x00000000f1900000,0x00000000f3780000)
 ParOldGen       total 133120K, used 55854K [0x00000000a0000000, 0x00000000a8200000, 0x00000000e0000000)
  object space 133120K, 41% used [0x00000000a0000000,0x00000000a368bb80,0x00000000a8200000)
 Metaspace       used 94790K, capacity 98440K, committed 98560K, reserved 1134592K
  class space    used 12185K, capacity 12996K, committed 13056K, reserved 1048576K
Event: 7772.039 GC heap after
Heap after GC invocations=22 (full 4):
 PSYoungGen      total 317440K, used 0K [0x00000000e0000000, 0x00000000f5900000, 0x0000000100000000)
  eden space 287744K, 0% used [0x00000000e0000000,0x00000000e0000000,0x00000000f1900000)
  from space 29696K, 0% used [0x00000000f3780000,0x00000000f3780000,0x00000000f5480000)
  to   space 31232K, 0% used [0x00000000f1900000,0x00000000f1900000,0x00000000f3780000)
 ParOldGen       total 180224K, used 51297K [0x00000000a0000000, 0x00000000ab000000, 0x00000000e0000000)
  object space 180224K, 28% used [0x00000000a0000000,0x00000000a32186d0,0x00000000ab000000)
 Metaspace       used 94060K, capacity 97202K, committed 98560K, reserved 1134592K
  class space    used 12050K, capacity 12752K, committed 13056K, reserved 1048576K
}
Event: 7776.669 GC heap before
{Heap before GC invocations=23 (full 4):
 PSYoungGen      total 317440K, used 287744K [0x00000000e0000000, 0x00000000f5900000, 0x0000000100000000)
  eden space 287744K, 100% used [0x00000000e0000000,0x00000000f1900000,0x00000000f1900000)
  from space 29696K, 0% used [0x00000000f3780000,0x00000000f3780000,0x00000000f5480000)
  to   space 31232K, 0% used [0x00000000f1900000,0x00000000f1900000,0x00000000f3780000)
 ParOldGen       total 180224K, used 51297K [0x00000000a0000000, 0x00000000ab000000, 0x00000000e0000000)
  object space 180224K, 28% used [0x00000000a0000000,0x00000000a32186d0,0x00000000ab000000)
 Metaspace       used 101636K, capacity 105512K, committed 105856K, reserved 1140736K
  class space    used 13000K, capacity 13799K, committed 13952K, reserved 1048576K
Event: 7776.717 GC heap after
Heap after GC invocations=23 (full 4):
 PSYoungGen      total 318976K, used 8045K [0x00000000e0000000, 0x00000000f7800000, 0x0000000100000000)
  eden space 287744K, 0% used [0x00000000e0000000,0x00000000e0000000,0x00000000f1900000)
  from space 31232K, 25% used [0x00000000f1900000,0x00000000f20db470,0x00000000f3780000)
  to   space 30720K, 0% used [0x00000000f5a00000,0x00000000f5a00000,0x00000000f7800000)
 ParOldGen       total 180224K, used 51297K [0x00000000a0000000, 0x00000000ab000000, 0x00000000e0000000)
  object space 180224K, 28% used [0x00000000a0000000,0x00000000a32186d0,0x00000000ab000000)
 Metaspace       used 101636K, capacity 105512K, committed 105856K, reserved 1140736K
  class space    used 13000K, capacity 13799K, committed 13952K, reserved 1048576K
}

